build/outputs/logs/manifest-merger-debug-report.txt
-- Merging decision tree log ---
manifest
ADDED from MyApplication\meituan\AndroidManifest.xml:2:1-74:12
	package
		ADDED from MyApplication\meituan\AndroidManifest.xml:3:5-31
	android:versionName
		ADDED from MyApplication\meituan\AndroidManifest.xml:5:5-30
	android:versionCode
		ADDED from MyApplication\meituan\AndroidManifest.xml:4:5-28
		INJECTED from MyApplication\meituan\AndroidManifest.xml
		INJECTED from MyApplication\meituan\AndroidManifest.xml
	xmlns:android
		ADDED from MyApplication\meituan\AndroidManifest.xml:2:11-69
uses-sdk
ADDED from MyApplication\meituan\AndroidManifest.xml:7:5-9:41
	android:targetSdkVersion
		ADDED from MyApplication\meituan\AndroidManifest.xml:9:9-38
	android:minSdkVersion
		ADDED from MyApplication\meituan\AndroidManifest.xml:8:9-35
application
ADDED from MyApplication\meituan\AndroidManifest.xml:11:5-72:19
	android:label
		ADDED from MyApplication\meituan\AndroidManifest.xml:14:9-41
	android:allowBackup
		ADDED from MyApplication\meituan\AndroidManifest.xml:12:9-35
	android:icon
		ADDED from MyApplication\meituan\AndroidManifest.xml:13:9-45
	android:theme
		ADDED from MyApplication\meituan\AndroidManifest.xml:15:9-40
activity#com.scxh.meituan.deal.DealActivity
ADDED from MyApplication\meituan\AndroidManifest.xml:16:9-20:20
	android:label
		ADDED from MyApplication\meituan\AndroidManifest.xml:18:13-45
	android:theme
		ADDED from MyApplication\meituan\AndroidManifest.xml:19:13-66
	android:name
		ADDED from MyApplication\meituan\AndroidManifest.xml:17:13-62
activity#com.scxh.meituan.deal.SerchActivity
ADDED from MyApplication\meituan\AndroidManifest.xml:21:9-25:20
	android:label
		ADDED from MyApplication\meituan\AndroidManifest.xml:23:13-45
	android:theme
		ADDED from MyApplication\meituan\AndroidManifest.xml:24:13-66
	android:name
		ADDED from MyApplication\meituan\AndroidManifest.xml:22:13-63
activity#com.scxh.meituan.apollo.ApolloActivity
ADDED from MyApplication\meituan\AndroidManifest.xml:26:9-30:20
	android:label
		ADDED from MyApplication\meituan\AndroidManifest.xml:28:13-45
	android:theme
		ADDED from MyApplication\meituan\AndroidManifest.xml:29:13-66
	android:name
		ADDED from MyApplication\meituan\AndroidManifest.xml:27:13-66
activity#com.scxh.meituan.poi.PoiActivity
ADDED from MyApplication\meituan\AndroidManifest.xml:31:9-35:20
	android:label
		ADDED from MyApplication\meituan\AndroidManifest.xml:33:13-45
	android:theme
		ADDED from MyApplication\meituan\AndroidManifest.xml:34:13-66
	android:name
		ADDED from MyApplication\meituan\AndroidManifest.xml:32:13-60
activity#com.scxh.meituan.login.LoginActivity
ADDED from MyApplication\meituan\AndroidManifest.xml:36:9-39:20
	android:label
		ADDED from MyApplication\meituan\AndroidManifest.xml:38:13-45
	android:name
		ADDED from MyApplication\meituan\AndroidManifest.xml:37:13-48
activity#com.scxh.meituan.login.RegistActivity
ADDED from MyApplication\meituan\AndroidManifest.xml:40:9-43:20
	android:label
		ADDED from MyApplication\meituan\AndroidManifest.xml:42:13-45
	android:name
		ADDED from MyApplication\meituan\AndroidManifest.xml:41:13-49
activity#com.scxh.meituan.login.LoadingActivity
ADDED from MyApplication\meituan\AndroidManifest.xml:44:9-53:20
	android:label
		ADDED from MyApplication\meituan\AndroidManifest.xml:46:13-45
	android:theme
		ADDED from MyApplication\meituan\AndroidManifest.xml:47:13-66
	android:name
		ADDED from MyApplication\meituan\AndroidManifest.xml:45:13-50
intent-filter#android.intent.action.MAIN+android.intent.category.LAUNCHER
ADDED from MyApplication\meituan\AndroidManifest.xml:48:13-52:29
action#android.intent.action.MAIN
ADDED from MyApplication\meituan\AndroidManifest.xml:49:17-69
	android:name
		ADDED from MyApplication\meituan\AndroidManifest.xml:49:25-66
category#android.intent.category.LAUNCHER
ADDED from MyApplication\meituan\AndroidManifest.xml:51:17-77
	android:name
		ADDED from MyApplication\meituan\AndroidManifest.xml:51:27-74
activity#com.scxh.meituan.login.TabHostActivity
ADDED from MyApplication\meituan\AndroidManifest.xml:54:9-58:20
	android:label
		ADDED from MyApplication\meituan\AndroidManifest.xml:56:13-45
	android:theme
		ADDED from MyApplication\meituan\AndroidManifest.xml:57:13-66
	android:name
		ADDED from MyApplication\meituan\AndroidManifest.xml:55:13-50
activity#com.scxh.meituan.login.GuidViewPagerActivity
ADDED from MyApplication\meituan\AndroidManifest.xml:59:9-63:20
	android:label
		ADDED from MyApplication\meituan\AndroidManifest.xml:61:13-45
	android:theme
		ADDED from MyApplication\meituan\AndroidManifest.xml:62:13-66
	android:name
		ADDED from MyApplication\meituan\AndroidManifest.xml:60:13-56
activity#com.scxh.meituan.user.UserActivity
ADDED from MyApplication\meituan\AndroidManifest.xml:64:9-67:20
	android:label
		ADDED from MyApplication\meituan\AndroidManifest.xml:66:13-45
	android:name
		ADDED from MyApplication\meituan\AndroidManifest.xml:65:13-62
activity#com.scxh.meituan.more.MoreActivity
ADDED from MyApplication\meituan\AndroidManifest.xml:68:9-71:20
	android:label
		ADDED from MyApplication\meituan\AndroidManifest.xml:70:13-45
	android:name
		ADDED from MyApplication\meituan\AndroidManifest.xml:69:13-62